<?xml version="1.0" encoding="UTF-8"?>
<testsuite name="ir.sadteam.roozegar.core.MonthGridTest" tests="5" skipped="0" failures="0" errors="0" timestamp="2026-07-21T05:29:27.166Z" hostname="vm" time="0.035">
  <properties/>
  <testcase name="monthIndexRoundTrips()" classname="ir.sadteam.roozegar.core.MonthGridTest" time="0.003"/>
  <testcase name="leapEsfandHas30Days()" classname="ir.sadteam.roozegar.core.MonthGridTest" time="0.001"/>
  <testcase name="gridOfFarvardin1403StartsOnWednesday()" classname="ir.sadteam.roozegar.core.MonthGridTest" time="0.001"/>
  <testcase name="occasionsLookupWorks()" classname="ir.sadteam.roozegar.core.MonthGridTest" time="0.006"/>
  <testcase name="persianDigitsConversion()" classname="ir.sadteam.roozegar.core.MonthGridTest" time="0.018"/>
  <system-out><![CDATA[]]></system-out>
  <system-err><![CDATA[]]></system-err>
</testsuite>
