<?xml version="1.0" encoding="UTF-8"?>
<testsuite name="ir.sadteam.roozegar.core.JalaliCalendarTest" tests="7" skipped="0" failures="0" errors="0" timestamp="2026-07-21T05:29:27.022Z" hostname="vm" time="0.136">
  <properties/>
  <testcase name="roundTripIsStable()" classname="ir.sadteam.roozegar.core.JalaliCalendarTest" time="0.055"/>
  <testcase name="fromGregorianMatchesReferenceVectors()" classname="ir.sadteam.roozegar.core.JalaliCalendarTest" time="0.046"/>
  <testcase name="toGregorianMatchesReferenceVectors()" classname="ir.sadteam.roozegar.core.JalaliCalendarTest" time="0.012"/>
  <testcase name="daysBetweenCountsRealCalendarDays()" classname="ir.sadteam.roozegar.core.JalaliCalendarTest" time="0.002"/>
  <testcase name="dayOfWeekMatchesRealCalendar()" classname="ir.sadteam.roozegar.core.JalaliCalendarTest" time="0.002"/>
  <testcase name="daysInMonthMatchesRealCalendarIncludingLeapEsfand()" classname="ir.sadteam.roozegar.core.JalaliCalendarTest" time="0.001"/>
  <testcase name="todayReturnsAPlausibleDate()" classname="ir.sadteam.roozegar.core.JalaliCalendarTest" time="0.002"/>
  <system-out><![CDATA[]]></system-out>
  <system-err><![CDATA[]]></system-err>
</testsuite>
